2022-06-27 21:18:46.121 [my-scheduled-pool2] [ERROR] com.springboot.config.TaskSchedulerConfig:53 - Ran into an error {}
java.lang.InterruptedException: sleep interrupted
	at java.lang.Thread.sleep(Native Method) ~[?:1.8.0_192]
	at java.lang.Thread.sleep(Thread.java:340) ~[?:1.8.0_192]
	at java.util.concurrent.TimeUnit.sleep(TimeUnit.java:386) ~[?:1.8.0_192]
	at com.springboot.config.TaskSchedulerConfig.scheduleTaskWithFixedRate(TaskSchedulerConfig.java:51) [classes/:?]
	at sun.reflect.NativeMethodAccessorImpl.invoke0(Native Method) ~[?:1.8.0_192]
	at sun.reflect.NativeMethodAccessorImpl.invoke(NativeMethodAccessorImpl.java:62) ~[?:1.8.0_192]
	at sun.reflect.DelegatingMethodAccessorImpl.invoke(DelegatingMethodAccessorImpl.java:43) ~[?:1.8.0_192]
	at java.lang.reflect.Method.invoke(Method.java:498) ~[?:1.8.0_192]
	at org.springframework.scheduling.support.ScheduledMethodRunnable.run(ScheduledMethodRunnable.java:84) [spring-context-5.2.9.RELEASE.jar:5.2.9.RELEASE]
	at org.springframework.scheduling.support.DelegatingErrorHandlingRunnable.run(DelegatingErrorHandlingRunnable.java:54) [spring-context-5.2.9.RELEASE.jar:5.2.9.RELEASE]
	at java.util.concurrent.Executors$RunnableAdapter.call(Executors.java:511) [?:1.8.0_192]
	at java.util.concurrent.FutureTask.runAndReset(FutureTask.java:308) [?:1.8.0_192]
	at java.util.concurrent.ScheduledThreadPoolExecutor$ScheduledFutureTask.access$301(ScheduledThreadPoolExecutor.java:180) [?:1.8.0_192]
	at java.util.concurrent.ScheduledThreadPoolExecutor$ScheduledFutureTask.run(ScheduledThreadPoolExecutor.java:294) [?:1.8.0_192]
	at java.util.concurrent.ThreadPoolExecutor.runWorker(ThreadPoolExecutor.java:1149) [?:1.8.0_192]
	at java.util.concurrent.ThreadPoolExecutor$Worker.run(ThreadPoolExecutor.java:624) [?:1.8.0_192]
	at java.lang.Thread.run(Thread.java:748) [?:1.8.0_192]
2022-06-27 21:18:48.160 [my-scheduled-pool2] [ERROR] com.springboot.config.TaskSchedulerConfig:53 - Ran into an error {}
java.lang.InterruptedException: sleep interrupted
	at java.lang.Thread.sleep(Native Method) ~[?:1.8.0_192]
	at java.lang.Thread.sleep(Thread.java:340) ~[?:1.8.0_192]
	at java.util.concurrent.TimeUnit.sleep(TimeUnit.java:386) ~[?:1.8.0_192]
	at com.springboot.config.TaskSchedulerConfig.scheduleTaskWithFixedRate(TaskSchedulerConfig.java:51) [classes/:?]
	at sun.reflect.NativeMethodAccessorImpl.invoke0(Native Method) ~[?:1.8.0_192]
	at sun.reflect.NativeMethodAccessorImpl.invoke(NativeMethodAccessorImpl.java:62) ~[?:1.8.0_192]
	at sun.reflect.DelegatingMethodAccessorImpl.invoke(DelegatingMethodAccessorImpl.java:43) ~[?:1.8.0_192]
	at java.lang.reflect.Method.invoke(Method.java:498) ~[?:1.8.0_192]
	at org.springframework.scheduling.support.ScheduledMethodRunnable.run(ScheduledMethodRunnable.java:84) [spring-context-5.2.9.RELEASE.jar:5.2.9.RELEASE]
	at org.springframework.scheduling.support.DelegatingErrorHandlingRunnable.run(DelegatingErrorHandlingRunnable.java:54) [spring-context-5.2.9.RELEASE.jar:5.2.9.RELEASE]
	at java.util.concurrent.Executors$RunnableAdapter.call(Executors.java:511) [?:1.8.0_192]
	at java.util.concurrent.FutureTask.runAndReset(FutureTask.java:308) [?:1.8.0_192]
	at java.util.concurrent.ScheduledThreadPoolExecutor$ScheduledFutureTask.access$301(ScheduledThreadPoolExecutor.java:180) [?:1.8.0_192]
	at java.util.concurrent.ScheduledThreadPoolExecutor$ScheduledFutureTask.run(ScheduledThreadPoolExecutor.java:294) [?:1.8.0_192]
	at java.util.concurrent.ThreadPoolExecutor.runWorker(ThreadPoolExecutor.java:1149) [?:1.8.0_192]
	at java.util.concurrent.ThreadPoolExecutor$Worker.run(ThreadPoolExecutor.java:624) [?:1.8.0_192]
	at java.lang.Thread.run(Thread.java:748) [?:1.8.0_192]
